生成启动时间为 2019/9/20 8:43:34。
     1>项目“E:\编程作业\S\C+.0920\C+.0920\C+.0920.vcxproj”在节点 2 上(Build 个目标)。
     1>ClCompile:
         E:\S文件\VC\bin\CL.exe /c /ZI /nologo /W3 /WX- /sdl /Od /Oy- /D _MBCS /Gm /EHsc /RTC1 /MDd /GS /fp:precise /Zc:wchar_t /Zc:forScope /Fo"Debug\\" /Fd"Debug\vc120.pdb" /Gd /TP /analyze- /errorReport:prompt main.cpp
         main.cpp
       Link:
         E:\S文件\VC\bin\link.exe /ERRORREPORT:PROMPT /OUT:"E:\编程作业\S\C+.0920\Debug\C+.0920.exe" /INCREMENTAL /NOLOGO kernel32.lib user32.lib gdi32.lib winspool.lib comdlg32.lib advapi32.lib shell32.lib ole32.lib oleaut32.lib uuid.lib odbc32.lib odbccp32.lib /MANIFEST /MANIFESTUAC:"level='asInvoker' uiAccess='false'" /manifest:embed /DEBUG /PDB:"E:\编程作业\S\C+.0920\Debug\C+.0920.pdb" /TLBID:1 /DYNAMICBASE /NXCOMPAT /IMPLIB:"E:\编程作业\S\C+.0920\Debug\C+.0920.lib" /MACHINE:X86 Debug\main.obj
     1>main.obj : error LNK2001: 无法解析的外部符号 "private: static int A::_scount" (?_scount@A@@0HA)
     1>E:\编程作业\S\C+.0920\Debug\C+.0920.exe : fatal error LNK1120: 1 个无法解析的外部命令
     1>已完成生成项目“E:\编程作业\S\C+.0920\C+.0920\C+.0920.vcxproj”(Build 个目标)的操作 - 失败。

生成失败。

已用时间 00:00:03.30
